Copyright 1986-2022 Xilinx, Inc. All Rights Reserved. Copyright 2022-2023 Advanced Micro Devices, Inc. All Rights Reserved.
---------------------------------------------------------------------------------------------------------------------------------------------------------------------------------------------------------------------------------------------------------
| Tool Version : Vivado v.2023.2.1 (win64) Build 4081461 Thu Dec 14 12:24:51 MST 2023
| Date         : Fri Apr  5 02:05:22 2024
| Host         : DESKTOP-MU57QG1 running 64-bit major release  (build 9200)
| Command      : report_timing_summary -max_paths 10 -report_unconstrained -file Error_Tolerant_Adder_timing_summary_routed.rpt -pb Error_Tolerant_Adder_timing_summary_routed.pb -rpx Error_Tolerant_Adder_timing_summary_routed.rpx -warn_on_violation
| Design       : Error_Tolerant_Adder
| Device       : 7k70t-fbv676
| Speed File   : -1  PRODUCTION 1.12 2017-02-17
| Design State : Routed
---------------------------------------------------------------------------------------------------------------------------------------------------------------------------------------------------------------------------------------------------------

Timing Summary Report

------------------------------------------------------------------------------------------------
| Timer Settings
| --------------
------------------------------------------------------------------------------------------------

  Enable Multi Corner Analysis               :  Yes
  Enable Pessimism Removal                   :  Yes
  Pessimism Removal Resolution               :  Nearest Common Node
  Enable Input Delay Default Clock           :  No
  Enable Preset / Clear Arcs                 :  No
  Disable Flight Delays                      :  No
  Ignore I/O Paths                           :  No
  Timing Early Launch at Borrowing Latches   :  No
  Borrow Time for Max Delay Exceptions       :  Yes
  Merge Timing Exceptions                    :  Yes
  Inter-SLR Compensation                     :  Conservative

  Corner  Analyze    Analyze    
  Name    Max Paths  Min Paths  
  ------  ---------  ---------  
  Slow    Yes        Yes        
  Fast    Yes        Yes        


------------------------------------------------------------------------------------------------
| Report Methodology
| ------------------
------------------------------------------------------------------------------------------------

No report available as report_methodology has not been run prior. Run report_methodology on the current design for the summary of methodology violations.



check_timing report

Table of Contents
-----------------
1. checking no_clock (0)
2. checking constant_clock (0)
3. checking pulse_width_clock (0)
4. checking unconstrained_internal_endpoints (0)
5. checking no_input_delay (0)
6. checking no_output_delay (0)
7. checking multiple_clock (0)
8. checking generated_clocks (0)
9. checking loops (0)
10. checking partial_input_delay (0)
11. checking partial_output_delay (0)
12. checking latch_loops (0)

1. checking no_clock (0)
------------------------
 There are 0 register/latch pins with no clock.


2. checking constant_clock (0)
------------------------------
 There are 0 register/latch pins with constant_clock.


3. checking pulse_width_clock (0)
---------------------------------
 There are 0 register/latch pins which need pulse_width check


4. checking unconstrained_internal_endpoints (0)
------------------------------------------------
 There are 0 pins that are not constrained for maximum delay.

 There are 0 pins that are not constrained for maximum delay due to constant clock.


5. checking no_input_delay (0)
------------------------------
 There are 0 input ports with no input delay specified.

 There are 0 input ports with no input delay but user has a false path constraint.


6. checking no_output_delay (0)
-------------------------------
 There are 0 ports with no output delay specified.

 There are 0 ports with no output delay but user has a false path constraint

 There are 0 ports with no output delay but with a timing clock defined on it or propagating through it


7. checking multiple_clock (0)
------------------------------
 There are 0 register/latch pins with multiple clocks.


8. checking generated_clocks (0)
--------------------------------
 There are 0 generated clocks that are not connected to a clock source.


9. checking loops (0)
---------------------
 There are 0 combinational loops in the design.


10. checking partial_input_delay (0)
------------------------------------
 There are 0 input ports with partial input delay specified.


11. checking partial_output_delay (0)
-------------------------------------
 There are 0 ports with partial output delay specified.


12. checking latch_loops (0)
----------------------------
 There are 0 combinational latch loops in the design through latch input



------------------------------------------------------------------------------------------------
| Design Timing Summary
| ---------------------
------------------------------------------------------------------------------------------------

    WNS(ns)      TNS(ns)  TNS Failing Endpoints  TNS Total Endpoints      WHS(ns)      THS(ns)  THS Failing Endpoints  THS Total Endpoints     WPWS(ns)     TPWS(ns)  TPWS Failing Endpoints  TPWS Total Endpoints  
    -------      -------  ---------------------  -------------------      -------      -------  ---------------------  -------------------     --------     --------  ----------------------  --------------------  
        inf        0.000                      0                    5          inf        0.000                      0                    5           NA           NA                      NA                    NA  


There are no user specified timing constraints.


------------------------------------------------------------------------------------------------
| Clock Summary
| -------------
------------------------------------------------------------------------------------------------


------------------------------------------------------------------------------------------------
| Intra Clock Table
| -----------------
------------------------------------------------------------------------------------------------

Clock             WNS(ns)      TNS(ns)  TNS Failing Endpoints  TNS Total Endpoints      WHS(ns)      THS(ns)  THS Failing Endpoints  THS Total Endpoints     WPWS(ns)     TPWS(ns)  TPWS Failing Endpoints  TPWS Total Endpoints  
-----             -------      -------  ---------------------  -------------------      -------      -------  ---------------------  -------------------     --------     --------  ----------------------  --------------------  


------------------------------------------------------------------------------------------------
| Inter Clock Table
| -----------------
------------------------------------------------------------------------------------------------

From Clock    To Clock          WNS(ns)      TNS(ns)  TNS Failing Endpoints  TNS Total Endpoints      WHS(ns)      THS(ns)  THS Failing Endpoints  THS Total Endpoints  
----------    --------          -------      -------  ---------------------  -------------------      -------      -------  ---------------------  -------------------  


------------------------------------------------------------------------------------------------
| Other Path Groups Table
| -----------------------
------------------------------------------------------------------------------------------------

Path Group    From Clock    To Clock          WNS(ns)      TNS(ns)  TNS Failing Endpoints  TNS Total Endpoints      WHS(ns)      THS(ns)  THS Failing Endpoints  THS Total Endpoints  
----------    ----------    --------          -------      -------  ---------------------  -------------------      -------      -------  ---------------------  -------------------  


------------------------------------------------------------------------------------------------
| User Ignored Path Table
| -----------------------
------------------------------------------------------------------------------------------------

Path Group    From Clock    To Clock    
----------    ----------    --------    


------------------------------------------------------------------------------------------------
| Unconstrained Path Table
| ------------------------
------------------------------------------------------------------------------------------------

Path Group    From Clock    To Clock    
----------    ----------    --------    
(none)                                    


------------------------------------------------------------------------------------------------
| Timing Details
| --------------
------------------------------------------------------------------------------------------------


--------------------------------------------------------------------------------------
Path Group:  (none)
From Clock:  
  To Clock:  

Max Delay             5 Endpoints
Min Delay             5 Endpoints
--------------------------------------------------------------------------------------


Max Delay Paths
--------------------------------------------------------------------------------------
Slack:                    inf
  Source:                 B[0]
                            (input port)
  Destination:            Sum[3]
                            (output port)
  Path Group:             (none)
  Path Type:              Max at Slow Process Corner
  Data Path Delay:        6.409ns  (logic 3.333ns (51.997%)  route 3.077ns (48.003%))
  Logic Levels:           4  (IBUF=1 LUT4=1 LUT5=1 OBUF=1)

    Location             Delay type                Incr(ns)  Path(ns)    Netlist Resource(s)
  -------------------------------------------------------------------    -------------------
    U17                                               0.000     0.000 r  B[0] (IN)
                         net (fo=0)                   0.000     0.000    B[0]
    U17                  IBUF (Prop_ibuf_I_O)         0.785     0.785 r  B_IBUF[0]_inst/O
                         net (fo=4, routed)           1.368     2.154    B_IBUF[0]
    SLICE_X0Y6           LUT4 (Prop_lut4_I1_O)        0.053     2.207 r  Sum_OBUF[3]_inst_i_2/O
                         net (fo=1, routed)           0.309     2.515    C[1]
    SLICE_X0Y6           LUT5 (Prop_lut5_I2_O)        0.053     2.568 r  Sum_OBUF[3]_inst_i_1/O
                         net (fo=1, routed)           1.400     3.968    Sum_OBUF[3]
    T19                  OBUF (Prop_obuf_I_O)         2.441     6.409 r  Sum_OBUF[3]_inst/O
                         net (fo=0)                   0.000     6.409    Sum[3]
    T19                                                               r  Sum[3] (OUT)
  -------------------------------------------------------------------    -------------------

Slack:                    inf
  Source:                 B[0]
                            (input port)
  Destination:            Sum[1]
                            (output port)
  Path Group:             (none)
  Path Type:              Max at Slow Process Corner
  Data Path Delay:        6.177ns  (logic 3.414ns (55.270%)  route 2.763ns (44.730%))
  Logic Levels:           3  (IBUF=1 LUT4=1 OBUF=1)

    Location             Delay type                Incr(ns)  Path(ns)    Netlist Resource(s)
  -------------------------------------------------------------------    -------------------
    U17                                               0.000     0.000 r  B[0] (IN)
                         net (fo=0)                   0.000     0.000    B[0]
    U17                  IBUF (Prop_ibuf_I_O)         0.785     0.785 r  B_IBUF[0]_inst/O
                         net (fo=4, routed)           1.368     2.154    B_IBUF[0]
    SLICE_X0Y6           LUT4 (Prop_lut4_I0_O)        0.068     2.222 r  Sum_OBUF[1]_inst_i_1/O
                         net (fo=1, routed)           1.395     3.616    Sum_OBUF[1]
    N17                  OBUF (Prop_obuf_I_O)         2.560     6.177 r  Sum_OBUF[1]_inst/O
                         net (fo=0)                   0.000     6.177    Sum[1]
    N17                                                               r  Sum[1] (OUT)
  -------------------------------------------------------------------    -------------------

Slack:                    inf
  Source:                 A[2]
                            (input port)
  Destination:            C_out
                            (output port)
  Path Group:             (none)
  Path Type:              Max at Slow Process Corner
  Data Path Delay:        6.066ns  (logic 3.442ns (56.742%)  route 2.624ns (43.258%))
  Logic Levels:           3  (IBUF=1 LUT4=1 OBUF=1)

    Location             Delay type                Incr(ns)  Path(ns)    Netlist Resource(s)
  -------------------------------------------------------------------    -------------------
    R18                                               0.000     0.000 r  A[2] (IN)
                         net (fo=0)                   0.000     0.000    A[2]
    R18                  IBUF (Prop_ibuf_I_O)         0.814     0.814 r  A_IBUF[2]_inst/O
                         net (fo=3, routed)           1.234     2.048    A_IBUF[2]
    SLICE_X0Y6           LUT4 (Prop_lut4_I0_O)        0.064     2.112 r  C_out_OBUF_inst_i_1/O
                         net (fo=1, routed)           1.390     3.502    C_out_OBUF
    T18                  OBUF (Prop_obuf_I_O)         2.564     6.066 r  C_out_OBUF_inst/O
                         net (fo=0)                   0.000     6.066    C_out
    T18                                                               r  C_out (OUT)
  -------------------------------------------------------------------    -------------------

Slack:                    inf
  Source:                 A[1]
                            (input port)
  Destination:            Sum[2]
                            (output port)
  Path Group:             (none)
  Path Type:              Max at Slow Process Corner
  Data Path Delay:        5.841ns  (logic 3.298ns (56.457%)  route 2.543ns (43.543%))
  Logic Levels:           3  (IBUF=1 LUT6=1 OBUF=1)

    Location             Delay type                Incr(ns)  Path(ns)    Netlist Resource(s)
  -------------------------------------------------------------------    -------------------
    P18                                               0.000     0.000 r  A[1] (IN)
                         net (fo=0)                   0.000     0.000    A[1]
    P18                  IBUF (Prop_ibuf_I_O)         0.819     0.819 r  A_IBUF[1]_inst/O
                         net (fo=3, routed)           1.128     1.947    A_IBUF[1]
    SLICE_X0Y6           LUT6 (Prop_lut6_I0_O)        0.053     2.000 r  Sum_OBUF[2]_inst_i_1/O
                         net (fo=1, routed)           1.415     3.415    Sum_OBUF[2]
    P16                  OBUF (Prop_obuf_I_O)         2.426     5.841 r  Sum_OBUF[2]_inst/O
                         net (fo=0)                   0.000     5.841    Sum[2]
    P16                                                               r  Sum[2] (OUT)
  -------------------------------------------------------------------    -------------------

Slack:                    inf
  Source:                 A[0]
                            (input port)
  Destination:            Sum[0]
                            (output port)
  Path Group:             (none)
  Path Type:              Max at Slow Process Corner
  Data Path Delay:        5.774ns  (logic 3.299ns (57.123%)  route 2.476ns (42.877%))
  Logic Levels:           3  (IBUF=1 LUT2=1 OBUF=1)

    Location             Delay type                Incr(ns)  Path(ns)    Netlist Resource(s)
  -------------------------------------------------------------------    -------------------
    U16                                               0.000     0.000 r  A[0] (IN)
                         net (fo=0)                   0.000     0.000    A[0]
    U16                  IBUF (Prop_ibuf_I_O)         0.802     0.802 r  A_IBUF[0]_inst/O
                         net (fo=4, routed)           1.126     1.928    A_IBUF[0]
    SLICE_X0Y6           LUT2 (Prop_lut2_I1_O)        0.053     1.981 r  Sum_OBUF[0]_inst_i_1/O
                         net (fo=1, routed)           1.350     3.331    Sum_OBUF[0]
    R16                  OBUF (Prop_obuf_I_O)         2.444     5.774 r  Sum_OBUF[0]_inst/O
                         net (fo=0)                   0.000     5.774    Sum[0]
    R16                                                               r  Sum[0] (OUT)
  -------------------------------------------------------------------    -------------------





Min Delay Paths
--------------------------------------------------------------------------------------
Slack:                    inf
  Source:                 B[3]
                            (input port)
  Destination:            Sum[3]
                            (output port)
  Path Group:             (none)
  Path Type:              Min at Fast Process Corner
  Data Path Delay:        2.103ns  (logic 1.371ns (65.191%)  route 0.732ns (34.809%))
  Logic Levels:           3  (IBUF=1 LUT5=1 OBUF=1)

    Location             Delay type                Incr(ns)  Path(ns)    Netlist Resource(s)
  -------------------------------------------------------------------    -------------------
    R17                                               0.000     0.000 r  B[3] (IN)
                         net (fo=0)                   0.000     0.000    B[3]
    R17                  IBUF (Prop_ibuf_I_O)         0.073     0.073 r  B_IBUF[3]_inst/O
                         net (fo=2, routed)           0.345     0.418    B_IBUF[3]
    SLICE_X0Y6           LUT5 (Prop_lut5_I4_O)        0.028     0.446 r  Sum_OBUF[3]_inst_i_1/O
                         net (fo=1, routed)           0.387     0.833    Sum_OBUF[3]
    T19                  OBUF (Prop_obuf_I_O)         1.270     2.103 r  Sum_OBUF[3]_inst/O
                         net (fo=0)                   0.000     2.103    Sum[3]
    T19                                                               r  Sum[3] (OUT)
  -------------------------------------------------------------------    -------------------

Slack:                    inf
  Source:                 B[3]
                            (input port)
  Destination:            C_out
                            (output port)
  Path Group:             (none)
  Path Type:              Min at Fast Process Corner
  Data Path Delay:        2.148ns  (logic 1.420ns (66.104%)  route 0.728ns (33.896%))
  Logic Levels:           3  (IBUF=1 LUT4=1 OBUF=1)

    Location             Delay type                Incr(ns)  Path(ns)    Netlist Resource(s)
  -------------------------------------------------------------------    -------------------
    R17                                               0.000     0.000 r  B[3] (IN)
                         net (fo=0)                   0.000     0.000    B[3]
    R17                  IBUF (Prop_ibuf_I_O)         0.073     0.073 r  B_IBUF[3]_inst/O
                         net (fo=2, routed)           0.345     0.418    B_IBUF[3]
    SLICE_X0Y6           LUT4 (Prop_lut4_I2_O)        0.030     0.448 r  C_out_OBUF_inst_i_1/O
                         net (fo=1, routed)           0.383     0.831    C_out_OBUF
    T18                  OBUF (Prop_obuf_I_O)         1.317     2.148 r  C_out_OBUF_inst/O
                         net (fo=0)                   0.000     2.148    C_out
    T18                                                               r  C_out (OUT)
  -------------------------------------------------------------------    -------------------

Slack:                    inf
  Source:                 A[0]
                            (input port)
  Destination:            Sum[2]
                            (output port)
  Path Group:             (none)
  Path Type:              Min at Fast Process Corner
  Data Path Delay:        2.157ns  (logic 1.349ns (62.576%)  route 0.807ns (37.424%))
  Logic Levels:           3  (IBUF=1 LUT6=1 OBUF=1)

    Location             Delay type                Incr(ns)  Path(ns)    Netlist Resource(s)
  -------------------------------------------------------------------    -------------------
    U16                                               0.000     0.000 r  A[0] (IN)
                         net (fo=0)                   0.000     0.000    A[0]
    U16                  IBUF (Prop_ibuf_I_O)         0.066     0.066 r  A_IBUF[0]_inst/O
                         net (fo=4, routed)           0.419     0.485    A_IBUF[0]
    SLICE_X0Y6           LUT6 (Prop_lut6_I3_O)        0.028     0.513 r  Sum_OBUF[2]_inst_i_1/O
                         net (fo=1, routed)           0.388     0.901    Sum_OBUF[2]
    P16                  OBUF (Prop_obuf_I_O)         1.256     2.157 r  Sum_OBUF[2]_inst/O
                         net (fo=0)                   0.000     2.157    Sum[2]
    P16                                                               r  Sum[2] (OUT)
  -------------------------------------------------------------------    -------------------

Slack:                    inf
  Source:                 B[0]
                            (input port)
  Destination:            Sum[0]
                            (output port)
  Path Group:             (none)
  Path Type:              Min at Fast Process Corner
  Data Path Delay:        2.164ns  (logic 1.351ns (62.450%)  route 0.812ns (37.550%))
  Logic Levels:           3  (IBUF=1 LUT2=1 OBUF=1)

    Location             Delay type                Incr(ns)  Path(ns)    Netlist Resource(s)
  -------------------------------------------------------------------    -------------------
    U17                                               0.000     0.000 r  B[0] (IN)
                         net (fo=0)                   0.000     0.000    B[0]
    U17                  IBUF (Prop_ibuf_I_O)         0.050     0.050 r  B_IBUF[0]_inst/O
                         net (fo=4, routed)           0.457     0.507    B_IBUF[0]
    SLICE_X0Y6           LUT2 (Prop_lut2_I0_O)        0.028     0.535 r  Sum_OBUF[0]_inst_i_1/O
                         net (fo=1, routed)           0.355     0.890    Sum_OBUF[0]
    R16                  OBUF (Prop_obuf_I_O)         1.273     2.164 r  Sum_OBUF[0]_inst/O
                         net (fo=0)                   0.000     2.164    Sum[0]
    R16                                                               r  Sum[0] (OUT)
  -------------------------------------------------------------------    -------------------

Slack:                    inf
  Source:                 A[1]
                            (input port)
  Destination:            Sum[1]
                            (output port)
  Path Group:             (none)
  Path Type:              Min at Fast Process Corner
  Data Path Delay:        2.202ns  (logic 1.430ns (64.977%)  route 0.771ns (35.023%))
  Logic Levels:           3  (IBUF=1 LUT4=1 OBUF=1)

    Location             Delay type                Incr(ns)  Path(ns)    Netlist Resource(s)
  -------------------------------------------------------------------    -------------------
    P18                                               0.000     0.000 r  A[1] (IN)
                         net (fo=0)                   0.000     0.000    A[1]
    P18                  IBUF (Prop_ibuf_I_O)         0.083     0.083 r  A_IBUF[1]_inst/O
                         net (fo=3, routed)           0.383     0.466    A_IBUF[1]
    SLICE_X0Y6           LUT4 (Prop_lut4_I2_O)        0.033     0.499 r  Sum_OBUF[1]_inst_i_1/O
                         net (fo=1, routed)           0.388     0.887    Sum_OBUF[1]
    N17                  OBUF (Prop_obuf_I_O)         1.315     2.202 r  Sum_OBUF[1]_inst/O
                         net (fo=0)                   0.000     2.202    Sum[1]
    N17                                                               r  Sum[1] (OUT)
  -------------------------------------------------------------------    -------------------





