
*** Running vivado
    with args -log Low_part_OR_Adder.vdi -applog -m64 -product Vivado -messageDb vivado.pb -mode batch -source Low_part_OR_Adder.tcl -notrace


ECHO is off.
ECHO is off.

****** Vivado v2023.2.1 (64-bit)
  **** SW Build 4081461 on Thu Dec 14 12:24:51 MST 2023
  **** IP Build 4080415 on Thu Dec 14 21:01:57 MST 2023
  **** SharedData Build 4077621 on Mon Dec 11 00:23:44 MST 2023
    ** Copyright 1986-2022 Xilinx, Inc. All Rights Reserved.
    ** Copyright 2022-2023 Advanced Micro Devices, Inc. All Rights Reserved.

source Low_part_OR_Adder.tcl -notrace
Command: link_design -top Low_part_OR_Adder -part xc7k70tfbv676-1
Design is defaulting to srcset: sources_1
Design is defaulting to constrset: constrs_1
INFO: [Device 21-403] Loading part xc7k70tfbv676-1
Netlist sorting complete. Time (s): cpu = 00:00:00 ; elapsed = 00:00:00 . Memory (MB): peak = 880.375 ; gain = 0.000
INFO: [Project 1-479] Netlist was created with Vivado 2023.2.1
INFO: [Project 1-570] Preparing netlist for logic optimization
Read ShapeDB Complete: Time (s): cpu = 00:00:00 ; elapsed = 00:00:00.002 . Memory (MB): peak = 970.734 ; gain = 0.074
Netlist sorting complete. Time (s): cpu = 00:00:00 ; elapsed = 00:00:00 . Memory (MB): peak = 970.871 ; gain = 0.000
INFO: [Project 1-111] Unisim Transformation Summary:
No Unisim elements were transformed.

Access is denied.
4 Infos, 0 Warnings, 0 Critical Warnings and 0 Errors encountered.
link_design completed successfully
Command: opt_design
Attempting to get a license for feature 'Implementation' and/or device 'xc7k70t'
INFO: [Common 17-349] Got license for feature 'Implementation' and/or device 'xc7k70t'
Running DRC as a precondition to command opt_design

Starting DRC Task
INFO: [DRC 23-27] Running DRC with 2 threads
INFO: [Project 1-461] DRC finished with 0 Errors
INFO: [Project 1-462] Please refer to the DRC report (report_drc) for more information.

Time (s): cpu = 00:00:01 ; elapsed = 00:00:00.532 . Memory (MB): peak = 1025.273 ; gain = 25.508

Starting Cache Timing Information Task
INFO: [Timing 38-35] Done setting XDC timing constraints.
Ending Cache Timing Information Task | Checksum: 58765a0e

Time (s): cpu = 00:00:01 ; elapsed = 00:00:04 . Memory (MB): peak = 1583.328 ; gain = 558.055

Starting Logic Optimization Task

Phase 1 Initialization

Phase 1.1 Core Generation And Design Setup
Phase 1.1 Core Generation And Design Setup | Checksum: 58765a0e

Time (s): cpu = 00:00:00 ; elapsed = 00:00:00.001 . Memory (MB): peak = 1949.105 ; gain = 0.000

Phase 1.2 Setup Constraints And Sort Netlist
Phase 1.2 Setup Constraints And Sort Netlist | Checksum: 58765a0e

Time (s): cpu = 00:00:00 ; elapsed = 00:00:00.001 . Memory (MB): peak = 1949.105 ; gain = 0.000
Phase 1 Initialization | Checksum: 58765a0e

Time (s): cpu = 00:00:00 ; elapsed = 00:00:00.001 . Memory (MB): peak = 1949.105 ; gain = 0.000

Phase 2 Timer Update And Timing Data Collection

Phase 2.1 Timer Update
Phase 2.1 Timer Update | Checksum: 58765a0e

Time (s): cpu = 00:00:00 ; elapsed = 00:00:00.003 . Memory (MB): peak = 1949.105 ; gain = 0.000

Phase 2.2 Timing Data Collection
Phase 2.2 Timing Data Collection | Checksum: 58765a0e

Time (s): cpu = 00:00:00 ; elapsed = 00:00:00.007 . Memory (MB): peak = 1949.105 ; gain = 0.000
Phase 2 Timer Update And Timing Data Collection | Checksum: 58765a0e

Time (s): cpu = 00:00:00 ; elapsed = 00:00:00.007 . Memory (MB): peak = 1949.105 ; gain = 0.000

Phase 3 Retarget
INFO: [Opt 31-138] Pushed 0 inverter(s) to 0 load pin(s).
INFO: [Opt 31-49] Retargeted 0 cell(s).
Phase 3 Retarget | Checksum: 58765a0e

Time (s): cpu = 00:00:00 ; elapsed = 00:00:00.025 . Memory (MB): peak = 1949.105 ; gain = 0.000
Retarget | Checksum: 58765a0e
INFO: [Opt 31-389] Phase Retarget created 0 cells and removed 0 cells

Phase 4 Constant propagation
INFO: [Opt 31-138] Pushed 0 inverter(s) to 0 load pin(s).
Phase 4 Constant propagation | Checksum: 58765a0e

Time (s): cpu = 00:00:00 ; elapsed = 00:00:00.025 . Memory (MB): peak = 1949.105 ; gain = 0.000
Constant propagation | Checksum: 58765a0e
INFO: [Opt 31-389] Phase Constant propagation created 0 cells and removed 0 cells

Phase 5 Sweep
Phase 5 Sweep | Checksum: 58765a0e

Time (s): cpu = 00:00:00 ; elapsed = 00:00:00.026 . Memory (MB): peak = 1949.105 ; gain = 0.000
Sweep | Checksum: 58765a0e
INFO: [Opt 31-389] Phase Sweep created 0 cells and removed 0 cells

Phase 6 BUFG optimization
Phase 6 BUFG optimization | Checksum: 58765a0e

Time (s): cpu = 00:00:00 ; elapsed = 00:00:00.045 . Memory (MB): peak = 1949.105 ; gain = 0.000
BUFG optimization | Checksum: 58765a0e
INFO: [Opt 31-662] Phase BUFG optimization created 0 cells of which 0 are BUFGs and removed 0 cells.

Phase 7 Shift Register Optimization
INFO: [Opt 31-1064] SRL Remap converted 0 SRLs to 0 registers and converted 0 registers of register chains to 0 SRLs
Phase 7 Shift Register Optimization | Checksum: 58765a0e

Time (s): cpu = 00:00:00 ; elapsed = 00:00:00.046 . Memory (MB): peak = 1949.105 ; gain = 0.000
Shift Register Optimization | Checksum: 58765a0e
INFO: [Opt 31-389] Phase Shift Register Optimization created 0 cells and removed 0 cells

Phase 8 Post Processing Netlist
Phase 8 Post Processing Netlist | Checksum: 58765a0e

Time (s): cpu = 00:00:00 ; elapsed = 00:00:00.046 . Memory (MB): peak = 1949.105 ; gain = 0.000
Post Processing Netlist | Checksum: 58765a0e
INFO: [Opt 31-389] Phase Post Processing Netlist created 0 cells and removed 0 cells

Phase 9 Finalization

Phase 9.1 Finalizing Design Cores and Updating Shapes
Phase 9.1 Finalizing Design Cores and Updating Shapes | Checksum: 58765a0e

Time (s): cpu = 00:00:00 ; elapsed = 00:00:00.047 . Memory (MB): peak = 1949.105 ; gain = 0.000

Phase 9.2 Verifying Netlist Connectivity

Starting Connectivity Check Task

Time (s): cpu = 00:00:00 ; elapsed = 00:00:00 . Memory (MB): peak = 1949.105 ; gain = 0.000
Phase 9.2 Verifying Netlist Connectivity | Checksum: 58765a0e

Time (s): cpu = 00:00:00 ; elapsed = 00:00:00.048 . Memory (MB): peak = 1949.105 ; gain = 0.000
Phase 9 Finalization | Checksum: 58765a0e

Time (s): cpu = 00:00:00 ; elapsed = 00:00:00.048 . Memory (MB): peak = 1949.105 ; gain = 0.000
Opt_design Change Summary
=========================


-------------------------------------------------------------------------------------------------------------------------
|  Phase                        |  #Cells created  |  #Cells Removed  |  #Constrained objects preventing optimizations  |
-------------------------------------------------------------------------------------------------------------------------
|  Retarget                     |               0  |               0  |                                              0  |
|  Constant propagation         |               0  |               0  |                                              0  |
|  Sweep                        |               0  |               0  |                                              0  |
|  BUFG optimization            |               0  |               0  |                                              0  |
|  Shift Register Optimization  |               0  |               0  |                                              0  |
|  Post Processing Netlist      |               0  |               0  |                                              0  |
-------------------------------------------------------------------------------------------------------------------------


Ending Logic Optimization Task | Checksum: 58765a0e

Time (s): cpu = 00:00:00 ; elapsed = 00:00:00.048 . Memory (MB): peak = 1949.105 ; gain = 0.000
INFO: [Constraints 18-11670] Building netlist checker database with flags, 0x8
Done building netlist checker database: Time (s): cpu = 00:00:00 ; elapsed = 00:00:00 . Memory (MB): peak = 1949.105 ; gain = 0.000

Starting Power Optimization Task
INFO: [Pwropt 34-132] Skipping clock gating for clocks with a period < 2.00 ns.
Ending Power Optimization Task | Checksum: 58765a0e

Time (s): cpu = 00:00:00 ; elapsed = 00:00:00.006 . Memory (MB): peak = 1949.105 ; gain = 0.000

Starting Final Cleanup Task
Ending Final Cleanup Task | Checksum: 58765a0e

Time (s): cpu = 00:00:00 ; elapsed = 00:00:00 . Memory (MB): peak = 1949.105 ; gain = 0.000

Starting Netlist Obfuscation Task
Netlist sorting complete. Time (s): cpu = 00:00:00 ; elapsed = 00:00:00 . Memory (MB): peak = 1949.105 ; gain = 0.000
Ending Netlist Obfuscation Task | Checksum: 58765a0e

Time (s): cpu = 00:00:00 ; elapsed = 00:00:00 . Memory (MB): peak = 1949.105 ; gain = 0.000
INFO: [Common 17-83] Releasing license: Implementation
22 Infos, 0 Warnings, 0 Critical Warnings and 0 Errors encountered.
opt_design completed successfully
opt_design: Time (s): cpu = 00:00:02 ; elapsed = 00:00:07 . Memory (MB): peak = 1949.105 ; gain = 949.340
INFO: [runtcl-4] Executing : report_drc -file Low_part_OR_Adder_drc_opted.rpt -pb Low_part_OR_Adder_drc_opted.pb -rpx Low_part_OR_Adder_drc_opted.rpx
Command: report_drc -file Low_part_OR_Adder_drc_opted.rpt -pb Low_part_OR_Adder_drc_opted.pb -rpx Low_part_OR_Adder_drc_opted.rpx
INFO: [IP_Flow 19-234] Refreshing IP repositories
INFO: [IP_Flow 19-1704] No user IP repositories specified
INFO: [IP_Flow 19-2313] Loaded Vivado IP repository 'C:/Xilinx/Vivado/2023.2/data/ip'.
INFO: [DRC 23-27] Running DRC with 2 threads
INFO: [Vivado_Tcl 2-168] The results of DRC are in file C:/Users/lolwa/Low_part_or_Adder 16/Low_part_or_Adder 16.runs/impl_1/Low_part_OR_Adder_drc_opted.rpt.
report_drc completed successfully
Write ShapeDB Complete: Time (s): cpu = 00:00:00 ; elapsed = 00:00:00.001 . Memory (MB): peak = 1949.105 ; gain = 0.000
INFO: [Common 17-1381] The checkpoint 'C:/Users/lolwa/Low_part_or_Adder 16/Low_part_or_Adder 16.runs/impl_1/Low_part_OR_Adder_opt.dcp' has been generated.
Command: place_design
Attempting to get a license for feature 'Implementation' and/or device 'xc7k70t'
INFO: [Common 17-349] Got license for feature 'Implementation' and/or device 'xc7k70t'
INFO: [Common 17-83] Releasing license: Implementation
INFO: [DRC 23-27] Running DRC with 2 threads
INFO: [Vivado_Tcl 4-198] DRC finished with 0 Errors
INFO: [Vivado_Tcl 4-199] Please refer to the DRC report (report_drc) for more information.
Running DRC as a precondition to command place_design
INFO: [DRC 23-27] Running DRC with 2 threads
INFO: [Vivado_Tcl 4-198] DRC finished with 0 Errors
INFO: [Vivado_Tcl 4-199] Please refer to the DRC report (report_drc) for more information.
INFO: [Place 30-611] Multithreading enabled for place_design using a maximum of 2 CPUs

Starting Placer Task

Phase 1 Placer Initialization

Phase 1.1 Placer Initialization Netlist Sorting
Netlist sorting complete. Time (s): cpu = 00:00:00 ; elapsed = 00:00:00 . Memory (MB): peak = 1949.105 ; gain = 0.000
Phase 1.1 Placer Initialization Netlist Sorting | Checksum: 2a361a4f

Time (s): cpu = 00:00:00 ; elapsed = 00:00:00.001 . Memory (MB): peak = 1949.105 ; gain = 0.000
Netlist sorting complete. Time (s): cpu = 00:00:00 ; elapsed = 00:00:00 . Memory (MB): peak = 1949.105 ; gain = 0.000

Phase 1.2 IO Placement/ Clock Placement/ Build Placer Device
INFO: [Timing 38-35] Done setting XDC timing constraints.
Phase 1.2 IO Placement/ Clock Placement/ Build Placer Device | Checksum: fa3fab61

Time (s): cpu = 00:00:00 ; elapsed = 00:00:00.102 . Memory (MB): peak = 1949.105 ; gain = 0.000

Phase 1.3 Build Placer Netlist Model
Phase 1.3 Build Placer Netlist Model | Checksum: 11b48c73f

Time (s): cpu = 00:00:00 ; elapsed = 00:00:00.121 . Memory (MB): peak = 1949.105 ; gain = 0.000

Phase 1.4 Constrain Clocks/Macros
Phase 1.4 Constrain Clocks/Macros | Checksum: 11b48c73f

Time (s): cpu = 00:00:00 ; elapsed = 00:00:00.122 . Memory (MB): peak = 1949.105 ; gain = 0.000
Phase 1 Placer Initialization | Checksum: 11b48c73f

Time (s): cpu = 00:00:00 ; elapsed = 00:00:00.123 . Memory (MB): peak = 1949.105 ; gain = 0.000

Phase 2 Global Placement

Phase 2.1 Floorplanning
Phase 2.1 Floorplanning | Checksum: 11b48c73f

Time (s): cpu = 00:00:00 ; elapsed = 00:00:00.125 . Memory (MB): peak = 1949.105 ; gain = 0.000

Phase 2.2 Update Timing before SLR Path Opt
Phase 2.2 Update Timing before SLR Path Opt | Checksum: 11b48c73f

Time (s): cpu = 00:00:00 ; elapsed = 00:00:00.125 . Memory (MB): peak = 1949.105 ; gain = 0.000

Phase 2.3 Post-Processing in Floorplanning
Phase 2.3 Post-Processing in Floorplanning | Checksum: 11b48c73f

Time (s): cpu = 00:00:00 ; elapsed = 00:00:00.125 . Memory (MB): peak = 1949.105 ; gain = 0.000

Phase 2.4 Global Placement Core
WARNING: [Place 46-29] Timing had been disabled during Placer and, therefore, physical synthesis in Placer will be skipped.
Phase 2.4 Global Placement Core | Checksum: 1f09ebe4b

Time (s): cpu = 00:00:00 ; elapsed = 00:00:00.276 . Memory (MB): peak = 1949.105 ; gain = 0.000
Phase 2 Global Placement | Checksum: 1f09ebe4b

Time (s): cpu = 00:00:00 ; elapsed = 00:00:00.277 . Memory (MB): peak = 1949.105 ; gain = 0.000

Phase 3 Detail Placement

Phase 3.1 Commit Multi Column Macros
Phase 3.1 Commit Multi Column Macros | Checksum: 1f09ebe4b

Time (s): cpu = 00:00:00 ; elapsed = 00:00:00.278 . Memory (MB): peak = 1949.105 ; gain = 0.000

Phase 3.2 Commit Most Macros & LUTRAMs
Phase 3.2 Commit Most Macros & LUTRAMs | Checksum: 140cf5eff

Time (s): cpu = 00:00:00 ; elapsed = 00:00:00.280 . Memory (MB): peak = 1949.105 ; gain = 0.000

Phase 3.3 Area Swap Optimization
Phase 3.3 Area Swap Optimization | Checksum: 1d011b26c

Time (s): cpu = 00:00:00 ; elapsed = 00:00:00.285 . Memory (MB): peak = 1949.105 ; gain = 0.000

Phase 3.4 Pipeline Register Optimization
Phase 3.4 Pipeline Register Optimization | Checksum: 1d011b26c

Time (s): cpu = 00:00:00 ; elapsed = 00:00:00.285 . Memory (MB): peak = 1949.105 ; gain = 0.000

Phase 3.5 Small Shape Detail Placement
Phase 3.5 Small Shape Detail Placement | Checksum: 191618358

Time (s): cpu = 00:00:00 ; elapsed = 00:00:00.345 . Memory (MB): peak = 1949.105 ; gain = 0.000

Phase 3.6 Re-assign LUT pins
Phase 3.6 Re-assign LUT pins | Checksum: 191618358

Time (s): cpu = 00:00:00 ; elapsed = 00:00:00.346 . Memory (MB): peak = 1949.105 ; gain = 0.000

Phase 3.7 Pipeline Register Optimization
Phase 3.7 Pipeline Register Optimization | Checksum: 191618358

Time (s): cpu = 00:00:00 ; elapsed = 00:00:00.346 . Memory (MB): peak = 1949.105 ; gain = 0.000
Phase 3 Detail Placement | Checksum: 191618358

Time (s): cpu = 00:00:00 ; elapsed = 00:00:00.347 . Memory (MB): peak = 1949.105 ; gain = 0.000

Phase 4 Post Placement Optimization and Clean-Up

Phase 4.1 Post Commit Optimization
Phase 4.1 Post Commit Optimization | Checksum: 191618358

Time (s): cpu = 00:00:00 ; elapsed = 00:00:00.365 . Memory (MB): peak = 1949.105 ; gain = 0.000

Phase 4.2 Post Placement Cleanup
Phase 4.2 Post Placement Cleanup | Checksum: 191618358

Time (s): cpu = 00:00:00 ; elapsed = 00:00:00.367 . Memory (MB): peak = 1949.105 ; gain = 0.000

Phase 4.3 Placer Reporting

Phase 4.3.1 Print Estimated Congestion
INFO: [Place 30-612] Post-Placement Estimated Congestion 
 ____________________________________________________
|           | Global Congestion | Short Congestion  |
| Direction | Region Size       | Region Size       |
|___________|___________________|___________________|
|      North|                1x1|                1x1|
|___________|___________________|___________________|
|      South|                1x1|                1x1|
|___________|___________________|___________________|
|       East|                1x1|                1x1|
|___________|___________________|___________________|
|       West|                1x1|                1x1|
|___________|___________________|___________________|

Phase 4.3.1 Print Estimated Congestion | Checksum: 191618358

Time (s): cpu = 00:00:00 ; elapsed = 00:00:00.367 . Memory (MB): peak = 1949.105 ; gain = 0.000
Phase 4.3 Placer Reporting | Checksum: 191618358

Time (s): cpu = 00:00:00 ; elapsed = 00:00:00.367 . Memory (MB): peak = 1949.105 ; gain = 0.000

Phase 4.4 Final Placement Cleanup
Netlist sorting complete. Time (s): cpu = 00:00:00 ; elapsed = 00:00:00 . Memory (MB): peak = 1949.105 ; gain = 0.000

Time (s): cpu = 00:00:00 ; elapsed = 00:00:00.367 . Memory (MB): peak = 1949.105 ; gain = 0.000
Phase 4 Post Placement Optimization and Clean-Up | Checksum: 191618358

Time (s): cpu = 00:00:00 ; elapsed = 00:00:00.367 . Memory (MB): peak = 1949.105 ; gain = 0.000
Ending Placer Task | Checksum: e3634481

Time (s): cpu = 00:00:00 ; elapsed = 00:00:00.368 . Memory (MB): peak = 1949.105 ; gain = 0.000
40 Infos, 1 Warnings, 0 Critical Warnings and 0 Errors encountered.
place_design completed successfully
INFO: [runtcl-4] Executing : report_io -file Low_part_OR_Adder_io_placed.rpt
report_io: Time (s): cpu = 00:00:00 ; elapsed = 00:00:00.059 . Memory (MB): peak = 1949.105 ; gain = 0.000
INFO: [runtcl-4] Executing : report_utilization -file Low_part_OR_Adder_utilization_placed.rpt -pb Low_part_OR_Adder_utilization_placed.pb
INFO: [runtcl-4] Executing : report_control_sets -verbose -file Low_part_OR_Adder_control_sets_placed.rpt
report_control_sets: Time (s): cpu = 00:00:00 ; elapsed = 00:00:00.001 . Memory (MB): peak = 1949.105 ; gain = 0.000
Write ShapeDB Complete: Time (s): cpu = 00:00:00 ; elapsed = 00:00:00.001 . Memory (MB): peak = 1949.105 ; gain = 0.000
Wrote PlaceDB: Time (s): cpu = 00:00:00 ; elapsed = 00:00:00.003 . Memory (MB): peak = 1949.105 ; gain = 0.000
Wrote PulsedLatchDB: Time (s): cpu = 00:00:00 ; elapsed = 00:00:00 . Memory (MB): peak = 1949.105 ; gain = 0.000
Writing XDEF routing.
Writing XDEF routing logical nets.
Writing XDEF routing special nets.
Wrote RouteStorage: Time (s): cpu = 00:00:00 ; elapsed = 00:00:00.043 . Memory (MB): peak = 1949.105 ; gain = 0.000
Wrote Netlist Cache: Time (s): cpu = 00:00:00 ; elapsed = 00:00:00 . Memory (MB): peak = 1949.105 ; gain = 0.000
Wrote Device Cache: Time (s): cpu = 00:00:00 ; elapsed = 00:00:00.002 . Memory (MB): peak = 1949.105 ; gain = 0.000
Write Physdb Complete: Time (s): cpu = 00:00:00 ; elapsed = 00:00:00.053 . Memory (MB): peak = 1949.105 ; gain = 0.000
INFO: [Common 17-1381] The checkpoint 'C:/Users/lolwa/Low_part_or_Adder 16/Low_part_or_Adder 16.runs/impl_1/Low_part_OR_Adder_placed.dcp' has been generated.
Command: phys_opt_design
Attempting to get a license for feature 'Implementation' and/or device 'xc7k70t'
INFO: [Common 17-349] Got license for feature 'Implementation' and/or device 'xc7k70t'

Starting Initial Update Timing Task

Time (s): cpu = 00:00:00 ; elapsed = 00:00:00.008 . Memory (MB): peak = 1953.961 ; gain = 4.855
INFO: [Vivado_Tcl 4-235] No timing constraint found. The netlist was not modified.
INFO: [Common 17-83] Releasing license: Implementation
47 Infos, 1 Warnings, 0 Critical Warnings and 0 Errors encountered.
phys_opt_design completed successfully
Write ShapeDB Complete: Time (s): cpu = 00:00:00 ; elapsed = 00:00:00.001 . Memory (MB): peak = 1971.836 ; gain = 0.000
Wrote PlaceDB: Time (s): cpu = 00:00:00 ; elapsed = 00:00:00.003 . Memory (MB): peak = 1971.836 ; gain = 0.000
Wrote PulsedLatchDB: Time (s): cpu = 00:00:00 ; elapsed = 00:00:00 . Memory (MB): peak = 1971.836 ; gain = 0.000
Writing XDEF routing.
Writing XDEF routing logical nets.
Writing XDEF routing special nets.
Wrote RouteStorage: Time (s): cpu = 00:00:00 ; elapsed = 00:00:00.008 . Memory (MB): peak = 1971.836 ; gain = 0.000
Wrote Netlist Cache: Time (s): cpu = 00:00:00 ; elapsed = 00:00:00 . Memory (MB): peak = 1971.836 ; gain = 0.000
Wrote Device Cache: Time (s): cpu = 00:00:00 ; elapsed = 00:00:00.002 . Memory (MB): peak = 1971.836 ; gain = 0.000
Write Physdb Complete: Time (s): cpu = 00:00:00 ; elapsed = 00:00:00.017 . Memory (MB): peak = 1971.836 ; gain = 0.000
INFO: [Common 17-1381] The checkpoint 'C:/Users/lolwa/Low_part_or_Adder 16/Low_part_or_Adder 16.runs/impl_1/Low_part_OR_Adder_physopt.dcp' has been generated.
Command: route_design
Attempting to get a license for feature 'Implementation' and/or device 'xc7k70t'
INFO: [Common 17-349] Got license for feature 'Implementation' and/or device 'xc7k70t'
Running DRC as a precondition to command route_design
INFO: [DRC 23-27] Running DRC with 2 threads
INFO: [Vivado_Tcl 4-198] DRC finished with 0 Errors
INFO: [Vivado_Tcl 4-199] Please refer to the DRC report (report_drc) for more information.


Starting Routing Task
INFO: [Route 35-254] Multithreading enabled for route_design using a maximum of 8 CPUs

Phase 1 Build RT Design
Checksum: PlaceDB: b92d2a32 ConstDB: 0 ShapeSum: 2a361a4f RouteDB: 0
Post Restoration Checksum: NetGraph: 373f7c87 | NumContArr: 2622b87b | Constraints: c2a8fa9d | Timing: c2a8fa9d
Phase 1 Build RT Design | Checksum: 1e2b42a3c

Time (s): cpu = 00:00:02 ; elapsed = 00:00:05 . Memory (MB): peak = 2066.168 ; gain = 85.281

Phase 2 Router Initialization
INFO: [Route 35-64] No timing constraints were detected. The router will operate in resource-optimization mode.

Phase 2.1 Fix Topology Constraints
Phase 2.1 Fix Topology Constraints | Checksum: 1e2b42a3c

Time (s): cpu = 00:00:02 ; elapsed = 00:00:05 . Memory (MB): peak = 2095.629 ; gain = 114.742

Phase 2.2 Pre Route Cleanup
Phase 2.2 Pre Route Cleanup | Checksum: 1e2b42a3c

Time (s): cpu = 00:00:02 ; elapsed = 00:00:06 . Memory (MB): peak = 2095.629 ; gain = 114.742
 Number of Nodes with overlaps = 0

Router Utilization Summary
  Global Vertical Routing Utilization    = 0 %
  Global Horizontal Routing Utilization  = 0 %
  Routable Net Status*
  *Does not include unroutable nets such as driverless and loadless.
  Run report_route_status for detailed report.
  Number of Failed Nets               = 49
    (Failed Nets is the sum of unrouted and partially routed nets)
  Number of Unrouted Nets             = 49
  Number of Partially Routed Nets     = 0
  Number of Node Overlaps             = 0

Phase 2 Router Initialization | Checksum: 33bdd5ae9

Time (s): cpu = 00:00:02 ; elapsed = 00:00:06 . Memory (MB): peak = 2153.898 ; gain = 173.012

Phase 3 Initial Routing

Phase 3.1 Global Routing
Phase 3.1 Global Routing | Checksum: 33bdd5ae9

Time (s): cpu = 00:00:02 ; elapsed = 00:00:06 . Memory (MB): peak = 2153.898 ; gain = 173.012

Phase 3.2 Initial Net Routing
Phase 3.2 Initial Net Routing | Checksum: 20e8079ba

Time (s): cpu = 00:00:02 ; elapsed = 00:00:06 . Memory (MB): peak = 2153.898 ; gain = 173.012
Phase 3 Initial Routing | Checksum: 20e8079ba

Time (s): cpu = 00:00:02 ; elapsed = 00:00:06 . Memory (MB): peak = 2153.898 ; gain = 173.012

Phase 4 Rip-up And Reroute

Phase 4.1 Global Iteration 0
 Number of Nodes with overlaps = 0
Phase 4.1 Global Iteration 0 | Checksum: 252d14ed3

Time (s): cpu = 00:00:02 ; elapsed = 00:00:06 . Memory (MB): peak = 2153.898 ; gain = 173.012
Phase 4 Rip-up And Reroute | Checksum: 252d14ed3

Time (s): cpu = 00:00:02 ; elapsed = 00:00:06 . Memory (MB): peak = 2153.898 ; gain = 173.012

Phase 5 Delay and Skew Optimization
Phase 5 Delay and Skew Optimization | Checksum: 252d14ed3

Time (s): cpu = 00:00:02 ; elapsed = 00:00:06 . Memory (MB): peak = 2153.898 ; gain = 173.012

Phase 6 Post Hold Fix

Phase 6.1 Hold Fix Iter
Phase 6.1 Hold Fix Iter | Checksum: 252d14ed3

Time (s): cpu = 00:00:02 ; elapsed = 00:00:06 . Memory (MB): peak = 2153.898 ; gain = 173.012
Phase 6 Post Hold Fix | Checksum: 252d14ed3

Time (s): cpu = 00:00:02 ; elapsed = 00:00:06 . Memory (MB): peak = 2153.898 ; gain = 173.012

Phase 7 Route finalize

Router Utilization Summary
  Global Vertical Routing Utilization    = 0.0333512 %
  Global Horizontal Routing Utilization  = 0.0129529 %
  Routable Net Status*
  *Does not include unroutable nets such as driverless and loadless.
  Run report_route_status for detailed report.
  Number of Failed Nets               = 0
    (Failed Nets is the sum of unrouted and partially routed nets)
  Number of Unrouted Nets             = 0
  Number of Partially Routed Nets     = 0
  Number of Node Overlaps             = 0


--GLOBAL Congestion:
Utilization threshold used for congestion level computation: 0.85
Congestion Report
North Dir 1x1 Area, Max Cong = 3.6036%, No Congested Regions.
South Dir 1x1 Area, Max Cong = 19.8198%, No Congested Regions.
East Dir 1x1 Area, Max Cong = 2.94118%, No Congested Regions.
West Dir 1x1 Area, Max Cong = 8.82353%, No Congested Regions.

------------------------------
Reporting congestion hotspots
------------------------------
Direction: North
----------------
Congested clusters found at Level 0
Effective congestion level: 0 Aspect Ratio: 1 Sparse Ratio: 0
Direction: South
----------------
Congested clusters found at Level 0
Effective congestion level: 0 Aspect Ratio: 1 Sparse Ratio: 0
Direction: East
----------------
Congested clusters found at Level 0
Effective congestion level: 0 Aspect Ratio: 1 Sparse Ratio: 0
Direction: West
----------------
Congested clusters found at Level 0
Effective congestion level: 0 Aspect Ratio: 1 Sparse Ratio: 0

Phase 7 Route finalize | Checksum: 252d14ed3

Time (s): cpu = 00:00:02 ; elapsed = 00:00:06 . Memory (MB): peak = 2153.898 ; gain = 173.012

Phase 8 Verifying routed nets

 Verification completed successfully
Phase 8 Verifying routed nets | Checksum: 252d14ed3

Time (s): cpu = 00:00:02 ; elapsed = 00:00:06 . Memory (MB): peak = 2153.898 ; gain = 173.012

Phase 9 Depositing Routes
Phase 9 Depositing Routes | Checksum: 30441b9c7

Time (s): cpu = 00:00:02 ; elapsed = 00:00:06 . Memory (MB): peak = 2153.898 ; gain = 173.012
INFO: [Route 35-16] Router Completed Successfully

Phase 10 Post-Route Event Processing
Phase 10 Post-Route Event Processing | Checksum: 1afcfec8e

Time (s): cpu = 00:00:02 ; elapsed = 00:00:06 . Memory (MB): peak = 2153.898 ; gain = 173.012
Ending Routing Task | Checksum: 1afcfec8e

Time (s): cpu = 00:00:02 ; elapsed = 00:00:06 . Memory (MB): peak = 2153.898 ; gain = 173.012

Routing Is Done.
INFO: [Common 17-83] Releasing license: Implementation
56 Infos, 1 Warnings, 0 Critical Warnings and 0 Errors encountered.
route_design completed successfully
route_design: Time (s): cpu = 00:00:02 ; elapsed = 00:00:06 . Memory (MB): peak = 2153.898 ; gain = 182.062
INFO: [runtcl-4] Executing : report_drc -file Low_part_OR_Adder_drc_routed.rpt -pb Low_part_OR_Adder_drc_routed.pb -rpx Low_part_OR_Adder_drc_routed.rpx
Command: report_drc -file Low_part_OR_Adder_drc_routed.rpt -pb Low_part_OR_Adder_drc_routed.pb -rpx Low_part_OR_Adder_drc_routed.rpx
INFO: [IP_Flow 19-1839] IP Catalog is up to date.
INFO: [DRC 23-27] Running DRC with 2 threads
INFO: [Vivado_Tcl 2-168] The results of DRC are in file C:/Users/lolwa/Low_part_or_Adder 16/Low_part_or_Adder 16.runs/impl_1/Low_part_OR_Adder_drc_routed.rpt.
report_drc completed successfully
INFO: [runtcl-4] Executing : report_methodology -file Low_part_OR_Adder_methodology_drc_routed.rpt -pb Low_part_OR_Adder_methodology_drc_routed.pb -rpx Low_part_OR_Adder_methodology_drc_routed.rpx
Command: report_methodology -file Low_part_OR_Adder_methodology_drc_routed.rpt -pb Low_part_OR_Adder_methodology_drc_routed.pb -rpx Low_part_OR_Adder_methodology_drc_routed.rpx
INFO: [Timing 38-35] Done setting XDC timing constraints.
INFO: [DRC 23-133] Running Methodology with 2 threads
INFO: [Vivado_Tcl 2-1520] The results of Report Methodology are in file C:/Users/lolwa/Low_part_or_Adder 16/Low_part_or_Adder 16.runs/impl_1/Low_part_OR_Adder_methodology_drc_routed.rpt.
report_methodology completed successfully
INFO: [runtcl-4] Executing : report_power -file Low_part_OR_Adder_power_routed.rpt -pb Low_part_OR_Adder_power_summary_routed.pb -rpx Low_part_OR_Adder_power_routed.rpx
Command: report_power -file Low_part_OR_Adder_power_routed.rpt -pb Low_part_OR_Adder_power_summary_routed.pb -rpx Low_part_OR_Adder_power_routed.rpx
INFO: [Timing 38-35] Done setting XDC timing constraints.
WARNING: [Power 33-232] No user defined clocks were found in the design! Power estimation will be inaccurate until this is corrected.
Resolution: Please specify clocks using create_clock/create_generated_clock for sequential elements. For pure combinatorial circuits, please specify a virtual clock, otherwise the vectorless estimation might be inaccurate
Running Vector-less Activity Propagation...

Finished Running Vector-less Activity Propagation
66 Infos, 2 Warnings, 0 Critical Warnings and 0 Errors encountered.
report_power completed successfully
INFO: [runtcl-4] Executing : report_route_status -file Low_part_OR_Adder_route_status.rpt -pb Low_part_OR_Adder_route_status.pb
INFO: [runtcl-4] Executing : report_timing_summary -max_paths 10 -report_unconstrained -file Low_part_OR_Adder_timing_summary_routed.rpt -pb Low_part_OR_Adder_timing_summary_routed.pb -rpx Low_part_OR_Adder_timing_summary_routed.rpx -warn_on_violation 
INFO: [Timing 38-91] UpdateTimingParams: Speed grade: -1, Delay Type: min_max.
INFO: [Timing 38-191] Multithreading enabled for timing update using a maximum of 2 CPUs
WARNING: [Timing 38-313] There are no user specified timing constraints. Timing constraints are needed for proper timing analysis.
INFO: [runtcl-4] Executing : report_incremental_reuse -file Low_part_OR_Adder_incremental_reuse_routed.rpt
INFO: [Vivado_Tcl 4-1062] Incremental flow is disabled. No incremental reuse Info to report.
INFO: [runtcl-4] Executing : report_clock_utilization -file Low_part_OR_Adder_clock_utilization_routed.rpt
INFO: [runtcl-4] Executing : report_bus_skew -warn_on_violation -file Low_part_OR_Adder_bus_skew_routed.rpt -pb Low_part_OR_Adder_bus_skew_routed.pb -rpx Low_part_OR_Adder_bus_skew_routed.rpx
INFO: [Timing 38-91] UpdateTimingParams: Speed grade: -1, Delay Type: min_max.
INFO: [Timing 38-191] Multithreading enabled for timing update using a maximum of 2 CPUs
Write ShapeDB Complete: Time (s): cpu = 00:00:00 ; elapsed = 00:00:00.001 . Memory (MB): peak = 2153.898 ; gain = 0.000
Wrote PlaceDB: Time (s): cpu = 00:00:00 ; elapsed = 00:00:00.005 . Memory (MB): peak = 2153.898 ; gain = 0.000
Wrote PulsedLatchDB: Time (s): cpu = 00:00:00 ; elapsed = 00:00:00 . Memory (MB): peak = 2153.898 ; gain = 0.000
Writing XDEF routing.
Writing XDEF routing logical nets.
Writing XDEF routing special nets.
Wrote RouteStorage: Time (s): cpu = 00:00:00 ; elapsed = 00:00:00.011 . Memory (MB): peak = 2153.898 ; gain = 0.000
Wrote Netlist Cache: Time (s): cpu = 00:00:00 ; elapsed = 00:00:00.001 . Memory (MB): peak = 2153.898 ; gain = 0.000
Wrote Device Cache: Time (s): cpu = 00:00:00 ; elapsed = 00:00:00.003 . Memory (MB): peak = 2153.898 ; gain = 0.000
Write Physdb Complete: Time (s): cpu = 00:00:00 ; elapsed = 00:00:00.023 . Memory (MB): peak = 2153.898 ; gain = 0.000
INFO: [Common 17-1381] The checkpoint 'C:/Users/lolwa/Low_part_or_Adder 16/Low_part_or_Adder 16.runs/impl_1/Low_part_OR_Adder_routed.dcp' has been generated.
INFO: [Common 17-206] Exiting Vivado at Fri Apr 12 02:34:26 2024...
