Vivado Simulator v2023.2.1
Copyright 1986-2022 Xilinx, Inc. All Rights Reserved.
Copyright 2022-2023 Advanced Micro Devices, Inc. All Rights Reserved.
Running: C:/Xilinx/Vivado/2023.2/bin/unwrapped/win64.o/xelab.exe --incr --debug typical --relax --mt 2 --maxdelay -L xil_defaultlib -L simprims_ver -L secureip --snapshot Error_Tolerant_adder_test_bench_time_synth -transport_int_delays -pulse_r 0 -pulse_int_r 0 -pulse_e 0 -pulse_int_e 0 xil_defaultlib.Error_Tolerant_adder_test_bench xil_defaultlib.glbl -log elaborate.log 
Using 2 slave threads.
Starting static elaboration
Pass Through NonSizing Optimizer
Completed static elaboration
Starting simulation data flow analysis
Completed simulation data flow analysis
INFO: [XSIM 43-3451] SDF backannotation process started with SDF file "Error_Tolerant_adder_test_bench_time_synth.sdf", for root module "Error_Tolerant_adder_test_bench/t12".
INFO: [XSIM 43-3452] SDF backannotation was successful for SDF file "Error_Tolerant_adder_test_bench_time_synth.sdf", for root module "Error_Tolerant_adder_test_bench/t12".
Time Resolution for simulation is 1ps
Compiling module simprims_ver.IBUF
Compiling module simprims_ver.OBUF
Compiling module simprims_ver.LUT4
Compiling module simprims_ver.x_lut2_mux4
Compiling module simprims_ver.LUT2(INIT=4'b0110)
Compiling module simprims_ver.LUT6(INIT=64'b111010001000100000...
Compiling module simprims_ver.LUT5(INIT=32'b111010000001011100...
Compiling module xil_defaultlib.Error_Tolerant_Adder
Compiling module xil_defaultlib.Error_Tolerant_adder_test_bench
Compiling module xil_defaultlib.glbl
Built simulation snapshot Error_Tolerant_adder_test_bench_time_synth
