Copyright 1986-2022 Xilinx, Inc. All Rights Reserved. Copyright 2022-2023 Advanced Micro Devices, Inc. All Rights Reserved.
-----------------------------------------------------------------------------------------------------------------------------------------------------------------------
| Tool Version : Vivado v.2023.2.1 (win64) Build 4081461 Thu Dec 14 12:24:51 MST 2023
| Date         : Fri Apr  5 22:42:55 2024
| Host         : DESKTOP-MU57QG1 running 64-bit major release  (build 9200)
| Command      : report_methodology -file Carry_Adder_methodology_drc_routed.rpt -pb Carry_Adder_methodology_drc_routed.pb -rpx Carry_Adder_methodology_drc_routed.rpx
| Design       : Carry_Adder
| Device       : xc7k70tfbv676-1
| Speed File   : -1
| Design State : Fully Routed
-----------------------------------------------------------------------------------------------------------------------------------------------------------------------

Report Methodology

Table of Contents
-----------------
1. REPORT SUMMARY
2. REPORT DETAILS

1. REPORT SUMMARY
-----------------
            Netlist: netlist
          Floorplan: design_1
      Design limits: <entire design considered>
             Max violations: <unlimited>
             Violations found: 0
+------+----------+-------------+------------+
| Rule | Severity | Description | Violations |
+------+----------+-------------+------------+
+------+----------+-------------+------------+

2. REPORT DETAILS
-----------------

