Vivado Simulator v2023.2.1
Copyright 1986-2022 Xilinx, Inc. All Rights Reserved.
Copyright 2022-2023 Advanced Micro Devices, Inc. All Rights Reserved.
Running: C:/Xilinx/Vivado/2023.2/bin/unwrapped/win64.o/xelab.exe --incr --debug typical --relax --mt 2 -L xil_defaultlib -L unisims_ver -L secureip --snapshot Ripple_Carry_Adder_testbench_func_synth xil_defaultlib.Ripple_Carry_Adder_testbench xil_defaultlib.glbl -log elaborate.log 
Using 2 slave threads.
Starting static elaboration
Pass Through NonSizing Optimizer
Completed static elaboration
Starting simulation data flow analysis
Completed simulation data flow analysis
Time Resolution for simulation is 1ps
Compiling module unisims_ver.IBUF
Compiling module unisims_ver.OBUF
Compiling module unisims_ver.x_lut3_mux8
Compiling module unisims_ver.LUT3
Compiling module unisims_ver.x_lut2_mux4
Compiling module unisims_ver.LUT2(INIT=4'b0110)
Compiling module unisims_ver.LUT4(INIT=16'b1000011101111000)
Compiling module unisims_ver.LUT6
Compiling module xil_defaultlib.Ripple_Carry_Adder
Compiling module xil_defaultlib.Ripple_Carry_Adder_testbench
Compiling module xil_defaultlib.glbl
Built simulation snapshot Ripple_Carry_Adder_testbench_func_synth
